Class: - RESERVED_WORD - 17
Customer - CLASS_NAME - 1
EquivalentTo: - RESERVED_WORD - 8
Person - CLASS_NAME - 2
and - LOGICAL - 9
( - SPECIAL_SYMBOL - 13
purchasedPizza - PROPRIETY - 1
some - QUANTIFIER - 21
Pizza - CLASS_NAME - 12
) - SPECIAL_SYMBOL - 13
hasPhone - PROPRIETY - 1
xsd:string - NAMESPACE - 2
Individuals: - RESERVED_WORD - 8
Customer1 - INDIVIDUAL_NAME - 1
, - SPECIAL_SYMBOL - 55
Customer10 - INDIVIDUAL_NAME - 1
Customer2 - INDIVIDUAL_NAME - 1
Customer3 - INDIVIDUAL_NAME - 1
Customer4 - INDIVIDUAL_NAME - 1
Customer5 - INDIVIDUAL_NAME - 1
Customer6 - INDIVIDUAL_NAME - 1
Customer7 - INDIVIDUAL_NAME - 1
Customer8 - INDIVIDUAL_NAME - 1
Customer9 - INDIVIDUAL_NAME - 1
Employee - CLASS_NAME - 1
SubClassOf: - RESERVED_WORD - 7
ssn - PROPRIETY - 1
min - QUANTIFIER - 2
1 - NUMBER - 1
Chef1 - INDIVIDUAL_NAME - 1
Manager1 - INDIVIDUAL_NAME - 1
Waiter1 - INDIVIDUAL_NAME - 1
Waiter2 - INDIVIDUAL_NAME - 1
hasBase - PROPRIETY - 1
PizzaBase - CLASS_NAME - 5
hasCaloricContent - PROPRIETY - 3
xsd:integer - NAMESPACE - 3
DisjointClasses: - RESERVED_WORD - 7
PizzaTopping - CLASS_NAME - 5
CustomPizza1 - INDIVIDUAL_NAME - 1
CustomPizza2 - INDIVIDUAL_NAME - 1
CheesyPizza - CLASS_NAME - 1
hasTopping - PROPRIETY - 19
CheeseTopping - CLASS_NAME - 2
CheesyPizza1 - INDIVIDUAL_NAME - 1
HighCaloriePizza - CLASS_NAME - 1
[ - SPECIAL_SYMBOL - 2
> - SPECIAL_SYMBOL - 1
= - SPECIAL_SYMBOL - 1
400 - NUMBER - 2
] - SPECIAL_SYMBOL - 2
InterestingPizza - CLASS_NAME - 1
3 - NUMBER - 1
LowCaloriePizza - CLASS_NAME - 1
< - SPECIAL_SYMBOL - 1
NamedPizza - CLASS_NAME - 5
AmericanaHotPizza - CLASS_NAME - 5
JalapenoPepperTopping - CLASS_NAME - 1
MozzarellaTopping - CLASS_NAME - 6
PepperoniTopping - CLASS_NAME - 2
TomatoTopping - CLASS_NAME - 6
AmericanaPizza - CLASS_NAME - 5
MargheritaPizza - CLASS_NAME - 5
SohoPizza - CLASS_NAME - 5
AmericanaHotPizza1 - INDIVIDUAL_NAME - 1
AmericanaHotPizza2 - INDIVIDUAL_NAME - 1
AmericanaHotPizza3 - INDIVIDUAL_NAME - 1
ChicagoAmericanaHotPizza1 - INDIVIDUAL_NAME - 1
AmericanaPizza1 - INDIVIDUAL_NAME - 1
AmericanaPizza2 - INDIVIDUAL_NAME - 1
only - PROPRIETY - 3
or - LOGICAL - 5
MargheritaPizza1 - INDIVIDUAL_NAME - 1
MargheritaPizza2 - INDIVIDUAL_NAME - 1
OliveTopping - CLASS_NAME - 2
ParmesanTopping - CLASS_NAME - 2
SohoPizza1 - INDIVIDUAL_NAME - 1
SohoPizza2 - INDIVIDUAL_NAME - 1
SpicyPizza - CLASS_NAME - 1
hasSpiciness - PROPRIETY - 1
value - QUANTIFIER - 1
Hot - CLASS_NAME - 2
VegetarianPizza - CLASS_NAME - 1
VegetableTopping - CLASS_NAME - 1
Spiciness - CLASS_NAME - 1
{ - SPECIAL_SYMBOL - 1
Medium - CLASS_NAME - 1
Mild - CLASS_NAME - 1
} - SPECIAL_SYMBOL - 1
