Token - Classification
1 - Class: - RESERVED_WORD
2 - Customer - CLASS_NAME
3 - EquivalentTo: - RESERVED_WORD
4 - Person - CLASS_NAME
5 - and - LOGICAL
6 - ( - SPECIAL_SYMBOL
7 - purchasedPizza - PROPRIETY
8 - some - QUANTIFIER
9 - Pizza - CLASS_NAME
10 - ) - SPECIAL_SYMBOL
11 - and - LOGICAL
12 - ( - SPECIAL_SYMBOL
13 - hasPhone - PROPRIETY
14 - some - QUANTIFIER
15 - xsd:string - NAMESPACE
16 - ) - SPECIAL_SYMBOL
17 - Individuals: - RESERVED_WORD
18 - Customer1 - INDIVIDUAL_NAME
19 - , - SPECIAL_SYMBOL
20 - Customer10 - INDIVIDUAL_NAME
21 - , - SPECIAL_SYMBOL
22 - Customer2 - INDIVIDUAL_NAME
23 - , - SPECIAL_SYMBOL
24 - Customer3 - INDIVIDUAL_NAME
25 - , - SPECIAL_SYMBOL
26 - Customer4 - INDIVIDUAL_NAME
27 - , - SPECIAL_SYMBOL
28 - Customer5 - INDIVIDUAL_NAME
29 - , - SPECIAL_SYMBOL
30 - Customer6 - INDIVIDUAL_NAME
31 - , - SPECIAL_SYMBOL
32 - Customer7 - INDIVIDUAL_NAME
33 - , - SPECIAL_SYMBOL
34 - Customer8 - INDIVIDUAL_NAME
35 - , - SPECIAL_SYMBOL
36 - Customer9 - INDIVIDUAL_NAME
37 - Class: - RESERVED_WORD
38 - Employee - CLASS_NAME
39 - SubClassOf: - RESERVED_WORD
40 - Person - CLASS_NAME
41 - and - LOGICAL
42 - ( - SPECIAL_SYMBOL
43 - ssn - PROPRIETY
44 - min - QUANTIFIER
45 - 1 - NUMBER
46 - xsd:string - NAMESPACE
47 - ) - SPECIAL_SYMBOL
48 - Individuals: - RESERVED_WORD
49 - Chef1 - INDIVIDUAL_NAME
50 - , - SPECIAL_SYMBOL
51 - Manager1 - INDIVIDUAL_NAME
52 - , - SPECIAL_SYMBOL
53 - Waiter1 - INDIVIDUAL_NAME
54 - , - SPECIAL_SYMBOL
55 - Waiter2 - INDIVIDUAL_NAME
56 - Class: - RESERVED_WORD
57 - Pizza - CLASS_NAME
58 - SubClassOf: - RESERVED_WORD
59 - hasBase - PROPRIETY
60 - some - QUANTIFIER
61 - PizzaBase - CLASS_NAME
62 - , - SPECIAL_SYMBOL
63 - hasCaloricContent - PROPRIETY
64 - some - QUANTIFIER
65 - xsd:integer - NAMESPACE
66 - DisjointClasses: - RESERVED_WORD
67 - Pizza - CLASS_NAME
68 - , - SPECIAL_SYMBOL
69 - PizzaBase - CLASS_NAME
70 - , - SPECIAL_SYMBOL
71 - PizzaTopping - CLASS_NAME
72 - Individuals: - RESERVED_WORD
73 - CustomPizza1 - INDIVIDUAL_NAME
74 - , - SPECIAL_SYMBOL
75 - CustomPizza2 - INDIVIDUAL_NAME
76 - Class: - RESERVED_WORD
77 - CheesyPizza - CLASS_NAME
78 - EquivalentTo: - RESERVED_WORD
79 - Pizza - CLASS_NAME
80 - and - LOGICAL
81 - ( - SPECIAL_SYMBOL
82 - hasTopping - PROPRIETY
83 - some - QUANTIFIER
84 - CheeseTopping - CLASS_NAME
85 - ) - SPECIAL_SYMBOL
86 - Individuals: - RESERVED_WORD
87 - CheesyPizza1 - INDIVIDUAL_NAME
88 - Class: - RESERVED_WORD
89 - HighCaloriePizza - CLASS_NAME
90 - EquivalentTo: - RESERVED_WORD
91 - Pizza - CLASS_NAME
92 - and - LOGICAL
93 - ( - SPECIAL_SYMBOL
94 - hasCaloricContent - PROPRIETY
95 - some - QUANTIFIER
96 - xsd:integer - NAMESPACE
97 - [ - SPECIAL_SYMBOL
98 - > - SPECIAL_SYMBOL
99 - = - SPECIAL_SYMBOL
100 - 400 - NUMBER
101 - ] - SPECIAL_SYMBOL
102 - ) - SPECIAL_SYMBOL
103 - Class: - RESERVED_WORD
104 - InterestingPizza - CLASS_NAME
105 - EquivalentTo: - RESERVED_WORD
106 - Pizza - CLASS_NAME
107 - and - LOGICAL
108 - ( - SPECIAL_SYMBOL
109 - hasTopping - PROPRIETY
110 - min - QUANTIFIER
111 - 3 - NUMBER
112 - PizzaTopping - CLASS_NAME
113 - ) - SPECIAL_SYMBOL
114 - Class: - RESERVED_WORD
115 - LowCaloriePizza - CLASS_NAME
116 - EquivalentTo: - RESERVED_WORD
117 - Pizza - CLASS_NAME
118 - and - LOGICAL
119 - ( - SPECIAL_SYMBOL
120 - hasCaloricContent - PROPRIETY
121 - some - QUANTIFIER
122 - xsd:integer - NAMESPACE
123 - [ - SPECIAL_SYMBOL
124 - < - SPECIAL_SYMBOL
125 - 400 - NUMBER
126 - ] - SPECIAL_SYMBOL
127 - ) - SPECIAL_SYMBOL
128 - Class: - RESERVED_WORD
129 - NamedPizza - CLASS_NAME
130 - SubClassOf: - RESERVED_WORD
131 - Pizza - CLASS_NAME
132 - Class: - RESERVED_WORD
133 - AmericanaHotPizza - CLASS_NAME
134 - SubClassOf: - RESERVED_WORD
135 - NamedPizza - CLASS_NAME
136 - , - SPECIAL_SYMBOL
137 - hasTopping - PROPRIETY
138 - some - QUANTIFIER
139 - JalapenoPepperTopping - CLASS_NAME
140 - , - SPECIAL_SYMBOL
141 - hasTopping - PROPRIETY
142 - some - QUANTIFIER
143 - MozzarellaTopping - CLASS_NAME
144 - , - SPECIAL_SYMBOL
145 - hasTopping - PROPRIETY
146 - some - QUANTIFIER
147 - PepperoniTopping - CLASS_NAME
148 - , - SPECIAL_SYMBOL
149 - hasTopping - PROPRIETY
150 - some - QUANTIFIER
151 - TomatoTopping - CLASS_NAME
152 - DisjointClasses: - RESERVED_WORD
153 - AmericanaHotPizza - CLASS_NAME
154 - , - SPECIAL_SYMBOL
155 - AmericanaPizza - CLASS_NAME
156 - , - SPECIAL_SYMBOL
157 - MargheritaPizza - CLASS_NAME
158 - , - SPECIAL_SYMBOL
159 - SohoPizza - CLASS_NAME
160 - Individuals: - RESERVED_WORD
161 - AmericanaHotPizza1 - INDIVIDUAL_NAME
162 - , - SPECIAL_SYMBOL
163 - AmericanaHotPizza2 - INDIVIDUAL_NAME
164 - , - SPECIAL_SYMBOL
165 - AmericanaHotPizza3 - INDIVIDUAL_NAME
166 - , - SPECIAL_SYMBOL
167 - ChicagoAmericanaHotPizza1 - INDIVIDUAL_NAME
168 - Class: - RESERVED_WORD
169 - AmericanaPizza - CLASS_NAME
170 - SubClassOf: - RESERVED_WORD
171 - NamedPizza - CLASS_NAME
172 - , - SPECIAL_SYMBOL
173 - hasTopping - PROPRIETY
174 - some - QUANTIFIER
175 - MozzarellaTopping - CLASS_NAME
176 - , - SPECIAL_SYMBOL
177 - hasTopping - PROPRIETY
178 - some - QUANTIFIER
179 - PepperoniTopping - CLASS_NAME
180 - , - SPECIAL_SYMBOL
181 - hasTopping - PROPRIETY
182 - some - QUANTIFIER
183 - TomatoTopping - CLASS_NAME
184 - DisjointClasses: - RESERVED_WORD
185 - AmericanaHotPizza - CLASS_NAME
186 - , - SPECIAL_SYMBOL
187 - AmericanaPizza - CLASS_NAME
188 - , - SPECIAL_SYMBOL
189 - MargheritaPizza - CLASS_NAME
190 - , - SPECIAL_SYMBOL
191 - SohoPizza - CLASS_NAME
192 - Individuals: - RESERVED_WORD
193 - AmericanaPizza1 - INDIVIDUAL_NAME
194 - , - SPECIAL_SYMBOL
195 - AmericanaPizza2 - INDIVIDUAL_NAME
196 - Class: - RESERVED_WORD
197 - MargheritaPizza - CLASS_NAME
198 - SubClassOf: - RESERVED_WORD
199 - NamedPizza - CLASS_NAME
200 - , - SPECIAL_SYMBOL
201 - hasTopping - PROPRIETY
202 - some - QUANTIFIER
203 - MozzarellaTopping - CLASS_NAME
204 - , - SPECIAL_SYMBOL
205 - hasTopping - PROPRIETY
206 - some - QUANTIFIER
207 - TomatoTopping - CLASS_NAME
208 - , - SPECIAL_SYMBOL
209 - hasTopping - PROPRIETY
210 - only - PROPRIETY
211 - ( - SPECIAL_SYMBOL
212 - MozzarellaTopping - CLASS_NAME
213 - or - LOGICAL
214 - TomatoTopping - CLASS_NAME
215 - ) - SPECIAL_SYMBOL
216 - DisjointClasses: - RESERVED_WORD
217 - AmericanaHotPizza - CLASS_NAME
218 - , - SPECIAL_SYMBOL
219 - AmericanaPizza - CLASS_NAME
220 - , - SPECIAL_SYMBOL
221 - MargheritaPizza - CLASS_NAME
222 - , - SPECIAL_SYMBOL
223 - SohoPizza - CLASS_NAME
224 - Individuals: - RESERVED_WORD
225 - MargheritaPizza1 - INDIVIDUAL_NAME
226 - , - SPECIAL_SYMBOL
227 - MargheritaPizza2 - INDIVIDUAL_NAME
228 - Class: - RESERVED_WORD
229 - SohoPizza - CLASS_NAME
230 - SubClassOf: - RESERVED_WORD
231 - NamedPizza - CLASS_NAME
232 - , - SPECIAL_SYMBOL
233 - hasTopping - PROPRIETY
234 - some - QUANTIFIER
235 - MozzarellaTopping - CLASS_NAME
236 - , - SPECIAL_SYMBOL
237 - hasTopping - PROPRIETY
238 - some - QUANTIFIER
239 - OliveTopping - CLASS_NAME
240 - , - SPECIAL_SYMBOL
241 - hasTopping - PROPRIETY
242 - some - QUANTIFIER
243 - ParmesanTopping - CLASS_NAME
244 - , - SPECIAL_SYMBOL
245 - hasTopping - PROPRIETY
246 - some - QUANTIFIER
247 - TomatoTopping - CLASS_NAME
248 - , - SPECIAL_SYMBOL
249 - hasTopping - PROPRIETY
250 - only - PROPRIETY
251 - ( - SPECIAL_SYMBOL
252 - MozzarellaTopping - CLASS_NAME
253 - or - LOGICAL
254 - OliveTopping - CLASS_NAME
255 - or - LOGICAL
256 - ParmesanTopping - CLASS_NAME
257 - or - LOGICAL
258 - TomatoTopping - CLASS_NAME
259 - ) - SPECIAL_SYMBOL
260 - DisjointClasses: - RESERVED_WORD
261 - AmericanaHotPizza - CLASS_NAME
262 - , - SPECIAL_SYMBOL
263 - AmericanaPizza - CLASS_NAME
264 - , - SPECIAL_SYMBOL
265 - MargheritaPizza - CLASS_NAME
266 - , - SPECIAL_SYMBOL
267 - SohoPizza - CLASS_NAME
268 - Individuals: - RESERVED_WORD
269 - SohoPizza1 - INDIVIDUAL_NAME
270 - , - SPECIAL_SYMBOL
271 - SohoPizza2 - INDIVIDUAL_NAME
272 - Class: - RESERVED_WORD
273 - SpicyPizza - CLASS_NAME
274 - EquivalentTo: - RESERVED_WORD
275 - Pizza - CLASS_NAME
276 - and - LOGICAL
277 - ( - SPECIAL_SYMBOL
278 - hasTopping - PROPRIETY
279 - some - QUANTIFIER
280 - ( - SPECIAL_SYMBOL
281 - hasSpiciness - PROPRIETY
282 - value - QUANTIFIER
283 - Hot - CLASS_NAME
284 - ) - SPECIAL_SYMBOL
285 - ) - SPECIAL_SYMBOL
286 - Class: - RESERVED_WORD
287 - VegetarianPizza - CLASS_NAME
288 - EquivalentTo: - RESERVED_WORD
289 - Pizza - CLASS_NAME
290 - and - LOGICAL
291 - ( - SPECIAL_SYMBOL
292 - hasTopping - PROPRIETY
293 - only - PROPRIETY
294 - ( - SPECIAL_SYMBOL
295 - CheeseTopping - CLASS_NAME
296 - or - LOGICAL
297 - VegetableTopping - CLASS_NAME
298 - ) - SPECIAL_SYMBOL
299 - ) - SPECIAL_SYMBOL
300 - Class: - RESERVED_WORD
301 - PizzaBase - CLASS_NAME
302 - DisjointClasses: - RESERVED_WORD
303 - Pizza - CLASS_NAME
304 - , - SPECIAL_SYMBOL
305 - PizzaBase - CLASS_NAME
306 - , - SPECIAL_SYMBOL
307 - PizzaTopping - CLASS_NAME
308 - Class: - RESERVED_WORD
309 - PizzaTopping - CLASS_NAME
310 - DisjointClasses: - RESERVED_WORD
311 - Pizza - CLASS_NAME
312 - , - SPECIAL_SYMBOL
313 - PizzaBase - CLASS_NAME
314 - , - SPECIAL_SYMBOL
315 - PizzaTopping - CLASS_NAME
316 - Class: - RESERVED_WORD
317 - Spiciness - CLASS_NAME
318 - EquivalentTo: - RESERVED_WORD
319 - { - SPECIAL_SYMBOL
320 - Hot - CLASS_NAME
321 - , - SPECIAL_SYMBOL
322 - Medium - CLASS_NAME
323 - , - SPECIAL_SYMBOL
324 - Mild - CLASS_NAME
325 - } - SPECIAL_SYMBOL
