Line - Token - Classification
1 - Class: - CLASS
1 - Customer - CLASS_NAME
1 - EquivalentTo: - EQUIVALENT
1 - Person - CLASS_NAME
1 - and - LOGICAL
1 - ( - LPAR
1 - purchasedPizza - PROPRIETY
1 - some - SOME
1 - Pizza - CLASS_NAME
1 - ) - RPAR
1 - and - LOGICAL
1 - ( - LPAR
1 - hasPhone - PROPRIETY
1 - some - SOME
1 - xsd:string - NAMESPACE
1 - ) - RPAR
1 - Individuals: - INDIVIDUALS
1 - Customer1 - INDIVIDUAL_NAME
1 - , - COMMA
1 - Customer10 - INDIVIDUAL_NAME
1 - , - COMMA
1 - Customer2 - INDIVIDUAL_NAME
1 - , - COMMA
1 - Customer3 - INDIVIDUAL_NAME
1 - , - COMMA
1 - Customer4 - INDIVIDUAL_NAME
1 - , - COMMA
1 - Customer5 - INDIVIDUAL_NAME
1 - , - COMMA
1 - Customer6 - INDIVIDUAL_NAME
1 - , - COMMA
1 - Customer7 - INDIVIDUAL_NAME
1 - , - COMMA
1 - Customer8 - INDIVIDUAL_NAME
1 - , - COMMA
1 - Customer9 - INDIVIDUAL_NAME
2 - Class: - CLASS
2 - Employee - CLASS_NAME
2 - SubClassOf: - SUBCLASS
2 - Person - CLASS_NAME
2 - and - LOGICAL
2 - ( - LPAR
2 - ssn - PROPRIETY
2 - min - QUANTIFIER
2 - 1 - NUMBER
2 - xsd:string - NAMESPACE
2 - ) - RPAR
2 - Individuals: - INDIVIDUALS
2 - Chef1 - INDIVIDUAL_NAME
2 - , - COMMA
2 - Manager1 - INDIVIDUAL_NAME
2 - , - COMMA
2 - Waiter1 - INDIVIDUAL_NAME
2 - , - COMMA
2 - Waiter2 - INDIVIDUAL_NAME
3 - Class: - CLASS
3 - Pizza - CLASS_NAME
3 - SubClassOf: - SUBCLASS
3 - hasBase - PROPRIETY
3 - some - SOME
3 - PizzaBase - CLASS_NAME
3 - , - COMMA
3 - hasCaloricContent - PROPRIETY
3 - some - SOME
3 - xsd:integer - NAMESPACE
3 - DisjointClasses: - DISJOINT
3 - Pizza - CLASS_NAME
3 - , - COMMA
3 - PizzaBase - CLASS_NAME
3 - , - COMMA
3 - PizzaTopping - CLASS_NAME
3 - Individuals: - INDIVIDUALS
3 - CustomPizza1 - INDIVIDUAL_NAME
3 - , - COMMA
3 - CustomPizza2 - INDIVIDUAL_NAME
4 - Class: - CLASS
4 - CheesyPizza - CLASS_NAME
4 - EquivalentTo: - EQUIVALENT
4 - Pizza - CLASS_NAME
4 - and - LOGICAL
4 - ( - LPAR
4 - hasTopping - PROPRIETY
4 - some - SOME
4 - CheeseTopping - CLASS_NAME
4 - ) - RPAR
4 - Individuals: - INDIVIDUALS
4 - CheesyPizza1 - INDIVIDUAL_NAME
5 - Class: - CLASS
5 - HighCaloriePizza - CLASS_NAME
5 - EquivalentTo: - EQUIVALENT
5 - Pizza - CLASS_NAME
5 - and - LOGICAL
5 - ( - LPAR
5 - hasCaloricContent - PROPRIETY
5 - some - SOME
5 - xsd:integer - NAMESPACE
5 - [ - LBRACKET
5 - >= - BEQ
5 - 400 - NUMBER
5 - ] - RBRACKET
5 - ) - RPAR
5 - Class: - CLASS
5 - InterestingPizza - CLASS_NAME
5 - EquivalentTo: - EQUIVALENT
5 - Pizza - CLASS_NAME
5 - and - LOGICAL
5 - ( - LPAR
5 - hasTopping - PROPRIETY
5 - min - QUANTIFIER
5 - 3 - NUMBER
5 - PizzaTopping - CLASS_NAME
5 - ) - RPAR
5 - Class: - CLASS
5 - LowCaloriePizza - CLASS_NAME
5 - EquivalentTo: - EQUIVALENT
5 - Pizza - CLASS_NAME
5 - and - LOGICAL
5 - ( - LPAR
5 - hasCaloricContent - PROPRIETY
5 - some - SOME
5 - xsd:integer - NAMESPACE
5 - [ - LBRACKET
5 - < - LESS
5 - 400 - NUMBER
5 - ] - RBRACKET
5 - ) - RPAR
6 - Class: - CLASS
6 - NamedPizza - CLASS_NAME
6 - SubClassOf: - SUBCLASS
6 - Pizza - CLASS_NAME
6 - Class: - CLASS
6 - AmericanaHotPizza - CLASS_NAME
6 - SubClassOf: - SUBCLASS
6 - NamedPizza - CLASS_NAME
6 - , - COMMA
6 - hasTopping - PROPRIETY
6 - some - SOME
6 - JalapenoPepperTopping - CLASS_NAME
6 - , - COMMA
6 - hasTopping - PROPRIETY
6 - some - SOME
6 - MozzarellaTopping - CLASS_NAME
6 - , - COMMA
6 - hasTopping - PROPRIETY
6 - some - SOME
6 - PepperoniTopping - CLASS_NAME
6 - , - COMMA
6 - hasTopping - PROPRIETY
6 - some - SOME
6 - TomatoTopping - CLASS_NAME
6 - DisjointClasses: - DISJOINT
6 - AmericanaHotPizza - CLASS_NAME
6 - , - COMMA
6 - AmericanaPizza - CLASS_NAME
6 - , - COMMA
6 - MargheritaPizza - CLASS_NAME
6 - , - COMMA
6 - SohoPizza - CLASS_NAME
6 - Individuals: - INDIVIDUALS
6 - AmericanaHotPizza1 - INDIVIDUAL_NAME
6 - , - COMMA
6 - AmericanaHotPizza2 - INDIVIDUAL_NAME
6 - , - COMMA
6 - AmericanaHotPizza3 - INDIVIDUAL_NAME
6 - , - COMMA
6 - ChicagoAmericanaHotPizza1 - INDIVIDUAL_NAME
6 - Class: - CLASS
6 - AmericanaPizza - CLASS_NAME
6 - SubClassOf: - SUBCLASS
6 - NamedPizza - CLASS_NAME
6 - , - COMMA
6 - hasTopping - PROPRIETY
6 - some - SOME
6 - MozzarellaTopping - CLASS_NAME
6 - , - COMMA
6 - hasTopping - PROPRIETY
6 - some - SOME
6 - PepperoniTopping - CLASS_NAME
6 - , - COMMA
6 - hasTopping - PROPRIETY
6 - some - SOME
6 - TomatoTopping - CLASS_NAME
6 - DisjointClasses: - DISJOINT
6 - AmericanaHotPizza - CLASS_NAME
6 - , - COMMA
6 - AmericanaPizza - CLASS_NAME
6 - , - COMMA
6 - MargheritaPizza - CLASS_NAME
6 - , - COMMA
6 - SohoPizza - CLASS_NAME
6 - Individuals: - INDIVIDUALS
6 - AmericanaPizza1 - INDIVIDUAL_NAME
6 - , - COMMA
6 - AmericanaPizza2 - INDIVIDUAL_NAME
6 - Class: - CLASS
6 - MargheritaPizza - CLASS_NAME
6 - SubClassOf: - SUBCLASS
6 - NamedPizza - CLASS_NAME
6 - , - COMMA
6 - hasTopping - PROPRIETY
6 - some - SOME
6 - MozzarellaTopping - CLASS_NAME
6 - , - COMMA
6 - hasTopping - PROPRIETY
6 - some - SOME
6 - TomatoTopping - CLASS_NAME
6 - , - COMMA
6 - hasTopping - PROPRIETY
6 - only - ONLY
6 - ( - LPAR
6 - MozzarellaTopping - CLASS_NAME
6 - or - LOGICAL
6 - TomatoTopping - CLASS_NAME
6 - ) - RPAR
6 - DisjointClasses: - DISJOINT
6 - AmericanaHotPizza - CLASS_NAME
6 - , - COMMA
6 - AmericanaPizza - CLASS_NAME
6 - , - COMMA
6 - MargheritaPizza - CLASS_NAME
6 - , - COMMA
6 - SohoPizza - CLASS_NAME
6 - Individuals: - INDIVIDUALS
6 - MargheritaPizza1 - INDIVIDUAL_NAME
6 - , - COMMA
6 - MargheritaPizza2 - INDIVIDUAL_NAME
6 - Class: - CLASS
6 - SohoPizza - CLASS_NAME
6 - SubClassOf: - SUBCLASS
6 - NamedPizza - CLASS_NAME
6 - , - COMMA
6 - hasTopping - PROPRIETY
6 - some - SOME
6 - MozzarellaTopping - CLASS_NAME
6 - , - COMMA
6 - hasTopping - PROPRIETY
6 - some - SOME
6 - OliveTopping - CLASS_NAME
6 - , - COMMA
6 - hasTopping - PROPRIETY
6 - some - SOME
6 - ParmesanTopping - CLASS_NAME
6 - , - COMMA
6 - hasTopping - PROPRIETY
6 - some - SOME
6 - TomatoTopping - CLASS_NAME
6 - , - COMMA
6 - hasTopping - PROPRIETY
6 - only - ONLY
6 - ( - LPAR
6 - MozzarellaTopping - CLASS_NAME
6 - or - LOGICAL
6 - OliveTopping - CLASS_NAME
6 - or - LOGICAL
6 - ParmesanTopping - CLASS_NAME
6 - or - LOGICAL
6 - TomatoTopping - CLASS_NAME
6 - ) - RPAR
6 - DisjointClasses: - DISJOINT
6 - AmericanaHotPizza - CLASS_NAME
6 - , - COMMA
6 - AmericanaPizza - CLASS_NAME
6 - , - COMMA
6 - MargheritaPizza - CLASS_NAME
6 - , - COMMA
6 - SohoPizza - CLASS_NAME
6 - Individuals: - INDIVIDUALS
6 - SohoPizza1 - INDIVIDUAL_NAME
6 - , - COMMA
6 - SohoPizza2 - INDIVIDUAL_NAME
6 - Class: - CLASS
6 - SpicyPizza - CLASS_NAME
6 - EquivalentTo: - EQUIVALENT
6 - Pizza - CLASS_NAME
6 - and - LOGICAL
6 - ( - LPAR
6 - hasTopping - PROPRIETY
6 - some - SOME
6 - ( - LPAR
6 - hasSpiciness - PROPRIETY
6 - value - QUANTIFIER
6 - Hot - CLASS_NAME
6 - ) - RPAR
6 - ) - RPAR
6 - Class: - CLASS
6 - VegetarianPizza - CLASS_NAME
6 - EquivalentTo: - EQUIVALENT
6 - Pizza - CLASS_NAME
6 - and - LOGICAL
6 - ( - LPAR
6 - hasTopping - PROPRIETY
6 - only - ONLY
6 - ( - LPAR
6 - CheeseTopping - CLASS_NAME
6 - or - LOGICAL
6 - VegetableTopping - CLASS_NAME
6 - ) - RPAR
6 - ) - RPAR
6 - Class: - CLASS
6 - PizzaBase - CLASS_NAME
6 - DisjointClasses: - DISJOINT
6 - Pizza - CLASS_NAME
6 - , - COMMA
6 - PizzaBase - CLASS_NAME
6 - , - COMMA
6 - PizzaTopping - CLASS_NAME
6 - Class: - CLASS
6 - PizzaTopping - CLASS_NAME
6 - DisjointClasses: - DISJOINT
6 - Pizza - CLASS_NAME
6 - , - COMMA
6 - PizzaBase - CLASS_NAME
6 - , - COMMA
6 - PizzaTopping - CLASS_NAME
6 - Class: - CLASS
6 - Spiciness - CLASS_NAME
6 - EquivalentTo: - EQUIVALENT
6 - { - LCURLY
6 - Hot - CLASS_NAME
6 - , - COMMA
6 - Medium - CLASS_NAME
6 - , - COMMA
6 - Mild - CLASS_NAME
6 - } - RCURLY
